
VCFtools - 0.1.16
(C) Adam Auton and Anthony Marcketta 2009

Parameters as interpreted:
	--vcf /workdir/VCF/strelka/norecal-bowtie-strelka-output2.recode.vcf
	--recode-INFO-all
	--out /workdir/VCF/strelka/norecal-bowtie-strelka-output3
	--recode
	--bed /cosap_data/S07604624_Covered_human_all_v6_plus_UTR.liftover.to.hg38.bed6

Warning: Expected at least 2 parts in INFO entry: ID=QSS,Number=1,Type=Integer,Description="Quality score for any somatic snv, ie. for the ALT allele to be present at a significantly different frequency in the tumor and normal">
Warning: Expected at least 2 parts in INFO entry: ID=NT,Number=1,Type=String,Description="Genotype of the normal in all data tiers, as used to classify somatic variants. One of {ref,het,hom,conflict}.">
Warning: Expected at least 2 parts in INFO entry: ID=NT,Number=1,Type=String,Description="Genotype of the normal in all data tiers, as used to classify somatic variants. One of {ref,het,hom,conflict}.">
Warning: Expected at least 2 parts in INFO entry: ID=NT,Number=1,Type=String,Description="Genotype of the normal in all data tiers, as used to classify somatic variants. One of {ref,het,hom,conflict}.">
Warning: Expected at least 2 parts in INFO entry: ID=NT,Number=1,Type=String,Description="Genotype of the normal in all data tiers, as used to classify somatic variants. One of {ref,het,hom,conflict}.">
Warning: Expected at least 2 parts in FORMAT entry: ID=AU,Number=2,Type=Integer,Description="Number of 'A' alleles used in tiers 1,2">
Warning: Expected at least 2 parts in FORMAT entry: ID=CU,Number=2,Type=Integer,Description="Number of 'C' alleles used in tiers 1,2">
Warning: Expected at least 2 parts in FORMAT entry: ID=GU,Number=2,Type=Integer,Description="Number of 'G' alleles used in tiers 1,2">
Warning: Expected at least 2 parts in FORMAT entry: ID=TU,Number=2,Type=Integer,Description="Number of 'T' alleles used in tiers 1,2">
After filtering, kept 2 out of 2 Individuals
Outputting VCF file...
	Read 295602 BED file entries.
After filtering, kept 90416 out of a possible 120511 Sites
Run Time = 10.00 seconds
